<?xml version='1.0' encoding='UTF-8'?>
<result plugin="junit@1.21">
  <suites>
    <suite>
      <file>C:\Users\Administrator\workspace\jpet\target\surefire-reports\TEST-TestSuite.xml</file>
      <name>TestSuite</name>
      <duration>54.413</duration>
      <time>54.413</time>
      <cases>
        <case>
          <duration>5.861</duration>
          <className>jpetStoreckg.catalogueDetailPage4</className>
          <testName>setup</testName>
          <skipped>false</skipped>
          <failedSince>0</failedSince>
        </case>
        <case>
          <duration>3.629</duration>
          <className>jpetStoreckg.catalogueDetailPage5</className>
          <testName>setup</testName>
          <skipped>false</skipped>
          <failedSince>0</failedSince>
        </case>
        <case>
          <duration>3.513</duration>
          <className>jpetStoreckg.catalogueDetailPage</className>
          <testName>setup</testName>
          <skipped>false</skipped>
          <failedSince>0</failedSince>
        </case>
        <case>
          <duration>3.947</duration>
          <className>jpetStoreckg.catalogueDetailPage2</className>
          <testName>setup</testName>
          <skipped>false</skipped>
          <failedSince>0</failedSince>
        </case>
        <case>
          <duration>3.394</duration>
          <className>jpetStoreckg.catalogueDetailPage3</className>
          <testName>setup</testName>
          <skipped>false</skipped>
          <failedSince>0</failedSince>
        </case>
        <case>
          <duration>3.478</duration>
          <className>jpetStoreckg.catalogueTest</className>
          <testName>setup</testName>
          <skipped>false</skipped>
          <failedSince>0</failedSince>
        </case>
        <case>
          <duration>4.456</duration>
          <className>jpetStoreckg.signOut</className>
          <testName>setup</testName>
          <skipped>false</skipped>
          <failedSince>0</failedSince>
        </case>
        <case>
          <duration>3.626</duration>
          <className>jpetStoreckg.homePageNavigation</className>
          <testName>setup</testName>
          <skipped>false</skipped>
          <failedSince>0</failedSince>
        </case>
        <case>
          <duration>3.513</duration>
          <className>jpetStoreckg.catalogueTest4</className>
          <testName>setup</testName>
          <skipped>false</skipped>
          <failedSince>0</failedSince>
        </case>
        <case>
          <duration>3.639</duration>
          <className>jpetStoreckg.catalogueTest5</className>
          <testName>setup</testName>
          <skipped>false</skipped>
          <failedSince>0</failedSince>
        </case>
        <case>
          <duration>3.321</duration>
          <className>jpetStoreckg.baseTest</className>
          <testName>setup</testName>
          <skipped>false</skipped>
          <failedSince>0</failedSince>
        </case>
        <case>
          <duration>3.319</duration>
          <className>jpetStoreckg.catalogueTest2</className>
          <testName>setup</testName>
          <skipped>false</skipped>
          <failedSince>0</failedSince>
        </case>
        <case>
          <duration>4.173</duration>
          <className>jpetStoreckg.catalogueTest3</className>
          <testName>setup</testName>
          <skipped>false</skipped>
          <failedSince>0</failedSince>
        </case>
        <case>
          <duration>3.781</duration>
          <className>jpetStoreckg.cartPage</className>
          <testName>setup</testName>
          <skipped>false</skipped>
          <failedSince>0</failedSince>
        </case>
      </cases>
    </suite>
  </suites>
  <duration>54.413</duration>
  <keepLongStdio>false</keepLongStdio>
</result>