<?xml version='1.0' encoding='UTF-8'?>
<result plugin="junit@1.20">
  <suites>
    <suite>
      <file>/var/lib/jenkins/workspace/GradleExample/build/test-results/test/TEST-com.dslexample.GradleCiJobBuilderSpec.xml</file>
      <name>com.dslexample.GradleCiJobBuilderSpec</name>
      <stdout></stdout>
      <stderr></stderr>
      <duration>1.755</duration>
      <timestamp>2017-07-27T05:09:50</timestamp>
      <time>1.755</time>
      <cases>
        <case>
          <duration>1.685</duration>
          <className>com.dslexample.GradleCiJobBuilderSpec</className>
          <testName>test XML output</testName>
          <skipped>false</skipped>
          <failedSince>0</failedSince>
        </case>
        <case>
          <duration>0.068</duration>
          <className>com.dslexample.GradleCiJobBuilderSpec</className>
          <testName>test XML output - with overrides</testName>
          <skipped>false</skipped>
          <failedSince>0</failedSince>
        </case>
      </cases>
    </suite>
    <suite>
      <file>/var/lib/jenkins/workspace/GradleExample/build/test-results/test/TEST-com.dslexample.GrailsCiJobBuilderSpec.xml</file>
      <name>com.dslexample.GrailsCiJobBuilderSpec</name>
      <stdout>Warning: (GrailsCiJobBuilder.groovy, line 32) grails is deprecated
Warning: (GrailsCiJobBuilder.groovy, line 32) grails is deprecated
</stdout>
      <stderr></stderr>
      <duration>0.421</duration>
      <timestamp>2017-07-27T05:09:52</timestamp>
      <time>0.421</time>
      <cases>
        <case>
          <duration>0.349</duration>
          <className>com.dslexample.GrailsCiJobBuilderSpec</className>
          <testName>test XML output</testName>
          <skipped>false</skipped>
          <failedSince>0</failedSince>
        </case>
        <case>
          <duration>0.071</duration>
          <className>com.dslexample.GrailsCiJobBuilderSpec</className>
          <testName>test XML output - with overrides</testName>
          <skipped>false</skipped>
          <failedSince>0</failedSince>
        </case>
      </cases>
    </suite>
    <suite>
      <file>/var/lib/jenkins/workspace/GradleExample/build/test-results/test/TEST-com.dslexample.JobScriptsSpec.xml</file>
      <name>com.dslexample.JobScriptsSpec</name>
      <stdout>Exploding /var/lib/jenkins/.gradle/caches/modules-2/files-2.1/org.jenkins-ci.main/jenkins-war/1.651/ebc3206dd90152c1a2ebe1545cec2ba7b593f9f7/jenkins-war-1.651.war into /var/lib/jenkins/workspace/GradleExample/build/jenkins-for-test
=== Starting com.dslexample.JobScriptsSpec
Processing provided DSL script
Warning: (script, line 10) plugin &apos;git&apos; needs to be updated to version 2.5.3 or later
Warning: (script, line 16) grails is deprecated
Warning: (script, line 16) plugin &apos;grails&apos; needs to be insta
...[truncated 4614 chars]...
rails&apos; needs to be installed
Warning: (script, line 47) grails is deprecated
Warning: (script, line 47) plugin &apos;grails&apos; needs to be installed
Processing provided DSL script
Warning: (script, line 6) plugin &apos;git&apos; needs to be updated to version 2.5.3 or later
Warning: (script, line 12) plugin &apos;gradle&apos; needs to be installed
Warning: (script, line 12) version 1.23 or later of plugin &apos;gradle&apos; needs to be installed
Warning: (script, line 19) plugin &apos;junit&apos; needs to be updated to version 1.10 or later
</stdout>
      <stderr>Jul 27, 2017 10:39:54 AM org.eclipse.jetty.util.log.Log initialized
INFO: Logging initialized @6809ms
Jul 27, 2017 10:39:58 AM org.eclipse.jetty.server.Server doStart
INFO: jetty-9.2.15.v20160210
Jul 27, 2017 10:39:58 AM org.eclipse.jetty.webapp.StandardDescriptorProcessor visitServlet
INFO: NO JSP Support for /jenkins, did not find org.eclipse.jetty.jsp.JettyJspServlet
Jul 27, 2017 10:39:59 AM org.eclipse.jetty.server.handler.ContextHandler doStart
INFO: Started o.e.j.w.WebAppContext@34687f29{/
...[truncated 14800 chars]...
in.JenkinsJobManagement createOrUpdateConfig
INFO: createOrUpdateConfig for seed
Jul 27, 2017 10:40:46 AM org.eclipse.jetty.server.AbstractConnector doStop
INFO: Stopped ServerConnector@76545870{HTTP/1.1}{localhost:0}
Jul 27, 2017 10:40:46 AM org.eclipse.jetty.server.handler.ContextHandler doStop
INFO: Stopped o.e.j.w.WebAppContext@34687f29{/jenkins,file:/var/lib/jenkins/workspace/GradleExample/build/jenkins-for-test/,UNAVAILABLE}{/var/lib/jenkins/workspace/GradleExample/build/jenkins-for-test}
</stderr>
      <duration>14.951</duration>
      <timestamp>2017-07-27T05:10:31</timestamp>
      <time>14.951</time>
      <cases>
        <case>
          <duration>4.083</duration>
          <className>com.dslexample.JobScriptsSpec</className>
          <testName>test script example1Jobs.groovy</testName>
          <skipped>false</skipped>
          <failedSince>0</failedSince>
        </case>
        <case>
          <duration>3.047</duration>
          <className>com.dslexample.JobScriptsSpec</className>
          <testName>test script example2Jobs.groovy</testName>
          <skipped>false</skipped>
          <failedSince>0</failedSince>
        </case>
        <case>
          <duration>0.444</duration>
          <className>com.dslexample.JobScriptsSpec</className>
          <testName>test script example3Jobs.groovy</testName>
          <skipped>false</skipped>
          <failedSince>0</failedSince>
        </case>
        <case>
          <duration>1.414</duration>
          <className>com.dslexample.JobScriptsSpec</className>
          <testName>test script example4Jobs.groovy</testName>
          <skipped>false</skipped>
          <failedSince>0</failedSince>
        </case>
        <case>
          <duration>0.38</duration>
          <className>com.dslexample.JobScriptsSpec</className>
          <testName>test script example5Jobs.groovy</testName>
          <skipped>false</skipped>
          <failedSince>0</failedSince>
        </case>
        <case>
          <duration>0.409</duration>
          <className>com.dslexample.JobScriptsSpec</className>
          <testName>test script example6Jobs.groovy</testName>
          <skipped>false</skipped>
          <failedSince>0</failedSince>
        </case>
        <case>
          <duration>0.512</duration>
          <className>com.dslexample.JobScriptsSpec</className>
          <testName>test script example7Jobs.groovy</testName>
          <skipped>false</skipped>
          <failedSince>0</failedSince>
        </case>
        <case>
          <duration>3.296</duration>
          <className>com.dslexample.JobScriptsSpec</className>
          <testName>test script example8Jobs.groovy</testName>
          <skipped>false</skipped>
          <failedSince>0</failedSince>
        </case>
        <case>
          <duration>0.929</duration>
          <className>com.dslexample.JobScriptsSpec</className>
          <testName>test script example9Jobs.groovy</testName>
          <skipped>false</skipped>
          <failedSince>0</failedSince>
        </case>
        <case>
          <duration>0.428</duration>
          <className>com.dslexample.JobScriptsSpec</className>
          <testName>test script seed.groovy</testName>
          <skipped>false</skipped>
          <failedSince>0</failedSince>
        </case>
      </cases>
    </suite>
    <suite>
      <file>/var/lib/jenkins/workspace/GradleExample/build/test-results/test/TEST-com.dslexample.rest.RestApiJobManagementSpec.xml</file>
      <name>com.dslexample.rest.RestApiJobManagementSpec</name>
      <stdout></stdout>
      <stderr></stderr>
      <duration>0.045</duration>
      <timestamp>2017-07-27T05:10:47</timestamp>
      <time>0.045</time>
      <cases>
        <case>
          <duration>0.045</duration>
          <className>com.dslexample.rest.RestApiJobManagementSpec</className>
          <testName>getPath</testName>
          <skipped>false</skipped>
          <failedSince>0</failedSince>
        </case>
      </cases>
    </suite>
  </suites>
  <duration>17.172</duration>
  <keepLongStdio>false</keepLongStdio>
</result>