<?xml version='1.0' encoding='UTF-8'?>
<result plugin="junit@1.21">
  <suites>
    <suite>
      <file>/var/lib/jenkins/workspace/GitMavenBuild/target/surefire-reports/TEST-com.hcl.app.AppTest.xml</file>
      <name>com.hcl.app.AppTest</name>
      <duration>0.006</duration>
      <time>0.006</time>
      <cases>
        <case>
          <duration>0.006</duration>
          <className>com.hcl.app.AppTest</className>
          <testName>testApp</testName>
          <skipped>false</skipped>
          <failedSince>0</failedSince>
        </case>
      </cases>
    </suite>
  </suites>
  <duration>0.006</duration>
  <keepLongStdio>false</keepLongStdio>
</result>