<?xml version='1.0' encoding='UTF-8'?>
<result plugin="junit@1.21">
  <suites>
    <suite>
      <file>/var/lib/jenkins/workspace/jpetstore/target/surefire-reports/TEST-org.mybatis.jpetstore.service.AccountServiceTest.xml</file>
      <name>org.mybatis.jpetstore.service.AccountServiceTest</name>
      <duration>0.136</duration>
      <time>0.136</time>
      <cases>
        <case>
          <duration>0.03</duration>
          <className>org.mybatis.jpetstore.service.AccountServiceTest</className>
          <testName>shouldCallTheMapperToInsertAnAccount</testName>
          <skipped>false</skipped>
          <failedSince>0</failedSince>
        </case>
      </cases>
    </suite>
    <suite>
      <file>/var/lib/jenkins/workspace/jpetstore/target/surefire-reports/TEST-org.mybatis.jpetstore.service.CatalogServiceTest.xml</file>
      <name>org.mybatis.jpetstore.service.CatalogServiceTest</name>
      <duration>0.036</duration>
      <time>0.036</time>
      <cases>
        <case>
          <duration>0.019</duration>
          <className>org.mybatis.jpetstore.service.CatalogServiceTest</className>
          <testName>shouldCallTheSearchMapperTwice</testName>
          <skipped>false</skipped>
          <failedSince>0</failedSince>
        </case>
      </cases>
    </suite>
    <suite>
      <file>/var/lib/jenkins/workspace/jpetstore/target/surefire-reports/TEST-org.mybatis.jpetstore.service.OrderServiceTest.xml</file>
      <name>org.mybatis.jpetstore.service.OrderServiceTest</name>
      <duration>1.873</duration>
      <time>1.873</time>
      <cases>
        <case>
          <duration>0.16</duration>
          <className>org.mybatis.jpetstore.service.OrderServiceTest</className>
          <testName>shouldReturnOrderWhenGivenOrderIdExistedLineItems</testName>
          <skipped>false</skipped>
          <failedSince>0</failedSince>
        </case>
        <case>
          <duration>0.012</duration>
          <className>org.mybatis.jpetstore.service.OrderServiceTest</className>
          <testName>shouldReturnOrderWhenGivenOrderIdWithOutLineItems</testName>
          <skipped>false</skipped>
          <failedSince>0</failedSince>
        </case>
      </cases>
    </suite>
  </suites>
  <duration>2.045</duration>
  <keepLongStdio>false</keepLongStdio>
</result>