<?xml version='1.0' encoding='UTF-8'?>
<result plugin="junit@1.20">
  <suites>
    <suite>
      <file>/var/lib/jenkins/workspace/jpetstore/target/surefire-reports/TEST-org.mybatis.jpetstore.service.AccountServiceTest.xml</file>
      <name>org.mybatis.jpetstore.service.AccountServiceTest</name>
      <duration>0.204</duration>
      <time>0.204</time>
      <cases>
        <case>
          <duration>0.04</duration>
          <className>org.mybatis.jpetstore.service.AccountServiceTest</className>
          <testName>shouldCallTheMapperToInsertAnAccount</testName>
          <skipped>false</skipped>
          <failedSince>0</failedSince>
        </case>
      </cases>
    </suite>
    <suite>
      <file>/var/lib/jenkins/workspace/jpetstore/target/surefire-reports/TEST-org.mybatis.jpetstore.service.CatalogServiceTest.xml</file>
      <name>org.mybatis.jpetstore.service.CatalogServiceTest</name>
      <duration>0.062</duration>
      <time>0.062</time>
      <cases>
        <case>
          <duration>0.004</duration>
          <className>org.mybatis.jpetstore.service.CatalogServiceTest</className>
          <testName>shouldCallTheSearchMapperTwice</testName>
          <skipped>false</skipped>
          <failedSince>0</failedSince>
        </case>
      </cases>
    </suite>
    <suite>
      <file>/var/lib/jenkins/workspace/jpetstore/target/surefire-reports/TEST-org.mybatis.jpetstore.service.OrderServiceTest.xml</file>
      <name>org.mybatis.jpetstore.service.OrderServiceTest</name>
      <duration>6.32</duration>
      <time>6.32</time>
      <cases>
        <case>
          <duration>0.383</duration>
          <className>org.mybatis.jpetstore.service.OrderServiceTest</className>
          <testName>shouldReturnOrderWhenGivenOrderIdExistedLineItems</testName>
          <skipped>false</skipped>
          <failedSince>0</failedSince>
        </case>
        <case>
          <duration>0.008</duration>
          <className>org.mybatis.jpetstore.service.OrderServiceTest</className>
          <testName>shouldReturnOrderWhenGivenOrderIdWithOutLineItems</testName>
          <skipped>false</skipped>
          <failedSince>0</failedSince>
        </case>
      </cases>
    </suite>
  </suites>
  <duration>6.586</duration>
  <keepLongStdio>false</keepLongStdio>
</result>