<?xml version='1.0' encoding='UTF-8'?>
<result plugin="junit@1.20">
  <suites>
    <suite>
      <file>/var/lib/jenkins/workspace/jpetstore/target/surefire-reports/TEST-org.mybatis.jpetstore.service.AccountServiceTest.xml</file>
      <name>org.mybatis.jpetstore.service.AccountServiceTest</name>
      <duration>0.367</duration>
      <time>0.367</time>
      <cases>
        <case>
          <duration>0.076</duration>
          <className>org.mybatis.jpetstore.service.AccountServiceTest</className>
          <testName>shouldCallTheMapperToInsertAnAccount</testName>
          <skipped>false</skipped>
          <failedSince>0</failedSince>
        </case>
      </cases>
    </suite>
    <suite>
      <file>/var/lib/jenkins/workspace/jpetstore/target/surefire-reports/TEST-org.mybatis.jpetstore.service.CatalogServiceTest.xml</file>
      <name>org.mybatis.jpetstore.service.CatalogServiceTest</name>
      <duration>0.575</duration>
      <time>0.575</time>
      <cases>
        <case>
          <duration>0.012</duration>
          <className>org.mybatis.jpetstore.service.CatalogServiceTest</className>
          <testName>shouldCallTheSearchMapperTwice</testName>
          <skipped>false</skipped>
          <failedSince>0</failedSince>
        </case>
      </cases>
    </suite>
    <suite>
      <file>/var/lib/jenkins/workspace/jpetstore/target/surefire-reports/TEST-org.mybatis.jpetstore.service.OrderServiceTest.xml</file>
      <name>org.mybatis.jpetstore.service.OrderServiceTest</name>
      <duration>7.372</duration>
      <time>7.372</time>
      <cases>
        <case>
          <duration>0.553</duration>
          <className>org.mybatis.jpetstore.service.OrderServiceTest</className>
          <testName>shouldReturnOrderWhenGivenOrderIdExistedLineItems</testName>
          <skipped>false</skipped>
          <failedSince>0</failedSince>
        </case>
        <case>
          <duration>0.0</duration>
          <className>org.mybatis.jpetstore.service.OrderServiceTest</className>
          <testName>shouldReturnOrderWhenGivenOrderIdWithOutLineItems</testName>
          <skipped>false</skipped>
          <failedSince>0</failedSince>
        </case>
      </cases>
    </suite>
  </suites>
  <duration>8.314</duration>
  <keepLongStdio>false</keepLongStdio>
</result>