<?xml version='1.0' encoding='UTF-8'?>
<result plugin="junit@1.21">
  <suites>
    <suite>
      <file>/var/lib/jenkins/workspace/UT_CC/target/surefire-reports/TEST-org.mybatis.jpetstore.service.AccountServiceTest.xml</file>
      <name>org.mybatis.jpetstore.service.AccountServiceTest</name>
      <duration>0.095</duration>
      <time>0.095</time>
      <cases>
        <case>
          <duration>0.007</duration>
          <className>org.mybatis.jpetstore.service.AccountServiceTest</className>
          <testName>shouldCallTheMapperToInsertAnAccount</testName>
          <skipped>false</skipped>
          <failedSince>0</failedSince>
        </case>
      </cases>
    </suite>
    <suite>
      <file>/var/lib/jenkins/workspace/UT_CC/target/surefire-reports/TEST-org.mybatis.jpetstore.service.CatalogServiceTest.xml</file>
      <name>org.mybatis.jpetstore.service.CatalogServiceTest</name>
      <duration>1.411</duration>
      <time>1.411</time>
      <cases>
        <case>
          <duration>0.104</duration>
          <className>org.mybatis.jpetstore.service.CatalogServiceTest</className>
          <testName>shouldCallTheSearchMapperTwice</testName>
          <skipped>false</skipped>
          <failedSince>0</failedSince>
        </case>
      </cases>
    </suite>
    <suite>
      <file>/var/lib/jenkins/workspace/UT_CC/target/surefire-reports/TEST-org.mybatis.jpetstore.service.OrderServiceTest.xml</file>
      <name>org.mybatis.jpetstore.service.OrderServiceTest</name>
      <duration>0.346</duration>
      <time>0.346</time>
      <cases>
        <case>
          <duration>0.01</duration>
          <className>org.mybatis.jpetstore.service.OrderServiceTest</className>
          <testName>shouldReturnOrderWhenGivenOrderIdExistedLineItems</testName>
          <skipped>false</skipped>
          <failedSince>0</failedSince>
        </case>
        <case>
          <duration>0.009</duration>
          <className>org.mybatis.jpetstore.service.OrderServiceTest</className>
          <testName>shouldReturnOrderWhenGivenOrderIdWithOutLineItems</testName>
          <skipped>false</skipped>
          <failedSince>0</failedSince>
        </case>
      </cases>
    </suite>
  </suites>
  <duration>1.852</duration>
  <keepLongStdio>false</keepLongStdio>
</result>