<?xml version='1.0' encoding='UTF-8'?>
<result plugin="junit@1.21">
  <suites>
    <suite>
      <file>C:\Users\Administrator\workspace\jpet\target\surefire-reports\TEST-TestSuite.xml</file>
      <name>TestSuite</name>
      <duration>159.21</duration>
      <time>159.21</time>
      <cases>
        <case>
          <duration>77.589</duration>
          <className>jpetStoreckg.catalogueDetailPage4</className>
          <testName>setup</testName>
          <skipped>false</skipped>
          <failedSince>0</failedSince>
        </case>
        <case>
          <duration>7.385</duration>
          <className>jpetStoreckg.catalogueDetailPage5</className>
          <testName>setup</testName>
          <skipped>false</skipped>
          <failedSince>0</failedSince>
        </case>
        <case>
          <duration>8.543</duration>
          <className>jpetStoreckg.catalogueDetailPage</className>
          <testName>setup</testName>
          <skipped>false</skipped>
          <failedSince>0</failedSince>
        </case>
        <case>
          <duration>6.761</duration>
          <className>jpetStoreckg.catalogueDetailPage2</className>
          <testName>setup</testName>
          <skipped>false</skipped>
          <failedSince>0</failedSince>
        </case>
        <case>
          <duration>5.673</duration>
          <className>jpetStoreckg.catalogueDetailPage3</className>
          <testName>setup</testName>
          <skipped>false</skipped>
          <failedSince>0</failedSince>
        </case>
        <case>
          <duration>4.619</duration>
          <className>jpetStoreckg.catalogueTest</className>
          <testName>setup</testName>
          <skipped>false</skipped>
          <failedSince>0</failedSince>
        </case>
        <case>
          <duration>6.537</duration>
          <className>jpetStoreckg.signOut</className>
          <testName>setup</testName>
          <skipped>false</skipped>
          <failedSince>0</failedSince>
        </case>
        <case>
          <duration>5.354</duration>
          <className>jpetStoreckg.homePageNavigation</className>
          <testName>setup</testName>
          <skipped>false</skipped>
          <failedSince>0</failedSince>
        </case>
        <case>
          <duration>6.588</duration>
          <className>jpetStoreckg.catalogueTest4</className>
          <testName>setup</testName>
          <skipped>false</skipped>
          <failedSince>0</failedSince>
        </case>
        <case>
          <duration>6.422</duration>
          <className>jpetStoreckg.catalogueTest5</className>
          <testName>setup</testName>
          <skipped>false</skipped>
          <failedSince>0</failedSince>
        </case>
        <case>
          <duration>5.394</duration>
          <className>jpetStoreckg.baseTest</className>
          <testName>setup</testName>
          <skipped>false</skipped>
          <failedSince>0</failedSince>
        </case>
        <case>
          <duration>5.77</duration>
          <className>jpetStoreckg.catalogueTest2</className>
          <testName>setup</testName>
          <skipped>false</skipped>
          <failedSince>0</failedSince>
        </case>
        <case>
          <duration>6.365</duration>
          <className>jpetStoreckg.catalogueTest3</className>
          <testName>setup</testName>
          <skipped>false</skipped>
          <failedSince>0</failedSince>
        </case>
        <case>
          <duration>5.135</duration>
          <className>jpetStoreckg.cartPage</className>
          <testName>setup</testName>
          <skipped>false</skipped>
          <failedSince>0</failedSince>
        </case>
      </cases>
    </suite>
  </suites>
  <duration>159.21</duration>
  <keepLongStdio>false</keepLongStdio>
</result>