<?xml version='1.0' encoding='UTF-8'?>
<result plugin="junit@1.21">
  <suites>
    <suite>
      <file>/var/lib/jenkins/workspace/recruiting/recruiting-core/target/surefire-reports/TEST-it.f2informatica.test.services.context.ServicesAppCtxTest.xml</file>
      <name>it.f2informatica.test.services.context.ServicesAppCtxTest</name>
      <duration>0.001</duration>
      <time>0.001</time>
      <cases>
        <case>
          <duration>0.001</duration>
          <className>it.f2informatica.test.services.context.ServicesAppCtxTest</className>
          <testName>test</testName>
          <skipped>false</skipped>
          <failedSince>0</failedSince>
        </case>
      </cases>
    </suite>
    <suite>
      <file>/var/lib/jenkins/workspace/recruiting/recruiting-core/target/surefire-reports/TEST-it.f2informatica.test.services.domain.authentication.AuthenticationServiceTest.xml</file>
      <name>it.f2informatica.test.services.domain.authentication.AuthenticationServiceTest</name>
      <duration>0.0</duration>
      <time>0</time>
      <cases>
        <case>
          <duration>0.0</duration>
          <className>it.f2informatica.test.services.domain.authentication.AuthenticationServiceTest</className>
          <testName>processLoginTest</testName>
          <skipped>false</skipped>
          <failedSince>0</failedSince>
        </case>
      </cases>
    </suite>
    <suite>
      <file>/var/lib/jenkins/workspace/recruiting/recruiting-core/target/surefire-reports/TEST-it.f2informatica.test.services.domain.consultant.ConsultantServiceTest.xml</file>
      <name>it.f2informatica.test.services.domain.consultant.ConsultantServiceTest</name>
      <duration>0.223</duration>
      <time>0.223</time>
      <cases>
        <case>
          <duration>0.001</duration>
          <className>it.f2informatica.test.services.domain.consultant.ConsultantServiceTest</className>
          <testName>assertThatShowAllConsultantsMethodWorks</testName>
          <skipped>false</skipped>
          <failedSince>0</failedSince>
        </case>
        <case>
          <duration>0.0</duration>
          <className>it.f2informatica.test.services.domain.consultant.ConsultantServiceTest</className>
          <testName>findConsultantByIdTest</testName>
          <skipped>false</skipped>
          <failedSince>0</failedSince>
        </case>
        <case>
          <duration>0.219</duration>
          <className>it.f2informatica.test.services.domain.consultant.ConsultantServiceTest</className>
          <testName>verifyThatTwoNumbersAreNotEqualEachOtherAfterTenRounds</testName>
          <skipped>false</skipped>
          <failedSince>0</failedSince>
        </case>
        <case>
          <duration>0.001</duration>
          <className>it.f2informatica.test.services.domain.consultant.ConsultantServiceTest</className>
          <testName>testConsultantNumberFormat</testName>
          <skipped>false</skipped>
          <failedSince>0</failedSince>
        </case>
        <case>
          <duration>0.002</duration>
          <className>it.f2informatica.test.services.domain.consultant.ConsultantServiceTest</className>
          <testName>assertFirstStepOnSavingConsultant</testName>
          <skipped>false</skipped>
          <failedSince>0</failedSince>
        </case>
      </cases>
    </suite>
    <suite>
      <file>/var/lib/jenkins/workspace/recruiting/recruiting-core/target/surefire-reports/TEST-it.f2informatica.test.services.domain.user.PasswordUpdaterServiceTest.xml</file>
      <name>it.f2informatica.test.services.domain.user.PasswordUpdaterServiceTest</name>
      <duration>0.0</duration>
      <time>0</time>
      <cases>
        <case>
          <duration>0.0</duration>
          <className>it.f2informatica.test.services.domain.user.PasswordUpdaterServiceTest</className>
          <testName>updatePasswordTest</testName>
          <skipped>false</skipped>
          <failedSince>0</failedSince>
        </case>
      </cases>
    </suite>
    <suite>
      <file>/var/lib/jenkins/workspace/recruiting/recruiting-core/target/surefire-reports/TEST-it.f2informatica.test.services.domain.user.UserServiceTest.xml</file>
      <name>it.f2informatica.test.services.domain.user.UserServiceTest</name>
      <duration>0.024</duration>
      <time>0.024</time>
      <cases>
        <case>
          <duration>0.005</duration>
          <className>it.f2informatica.test.services.domain.user.UserServiceTest</className>
          <testName>saveUser</testName>
          <skipped>false</skipped>
          <failedSince>0</failedSince>
        </case>
        <case>
          <duration>0.002</duration>
          <className>it.f2informatica.test.services.domain.user.UserServiceTest</className>
          <testName>findByUsernameAndPassword</testName>
          <skipped>false</skipped>
          <failedSince>0</failedSince>
        </case>
        <case>
          <duration>0.009</duration>
          <className>it.f2informatica.test.services.domain.user.UserServiceTest</className>
          <testName>deleteUserByUserId</testName>
          <skipped>false</skipped>
          <failedSince>0</failedSince>
        </case>
        <case>
          <duration>0.002</duration>
          <className>it.f2informatica.test.services.domain.user.UserServiceTest</className>
          <testName>findAllWithPageable</testName>
          <skipped>false</skipped>
          <failedSince>0</failedSince>
        </case>
        <case>
          <duration>0.0</duration>
          <className>it.f2informatica.test.services.domain.user.UserServiceTest</className>
          <testName>findUserById</testName>
          <skipped>false</skipped>
          <failedSince>0</failedSince>
        </case>
        <case>
          <duration>0.001</duration>
          <className>it.f2informatica.test.services.domain.user.UserServiceTest</className>
          <testName>findRoleByName</testName>
          <skipped>false</skipped>
          <failedSince>0</failedSince>
        </case>
        <case>
          <duration>0.001</duration>
          <className>it.f2informatica.test.services.domain.user.UserServiceTest</className>
          <testName>findByUsername</testName>
          <skipped>false</skipped>
          <failedSince>0</failedSince>
        </case>
        <case>
          <duration>0.004</duration>
          <className>it.f2informatica.test.services.domain.user.UserServiceTest</className>
          <testName>loadRoles</testName>
          <skipped>false</skipped>
          <failedSince>0</failedSince>
        </case>
      </cases>
    </suite>
    <suite>
      <file>/var/lib/jenkins/workspace/recruiting/recruiting-core/target/surefire-reports/TEST-it.f2informatica.test.services.gateway.mongodb.ConsultantRepositoryGatewayMongoDBTest.xml</file>
      <name>it.f2informatica.test.services.gateway.mongodb.ConsultantRepositoryGatewayMongoDBTest</name>
      <duration>0.105</duration>
      <time>0.105</time>
      <cases>
        <case>
          <duration>0.084</duration>
          <className>it.f2informatica.test.services.gateway.mongodb.ConsultantRepositoryGatewayMongoDBTest</className>
          <testName>findConsultantByIdTest</testName>
          <skipped>false</skipped>
          <failedSince>0</failedSince>
        </case>
        <case>
          <duration>0.001</duration>
          <className>it.f2informatica.test.services.gateway.mongodb.ConsultantRepositoryGatewayMongoDBTest</className>
          <testName>assertThatNoCrashWhenSavingNewConsultant</testName>
          <skipped>false</skipped>
          <failedSince>0</failedSince>
        </case>
        <case>
          <duration>0.02</duration>
          <className>it.f2informatica.test.services.gateway.mongodb.ConsultantRepositoryGatewayMongoDBTest</className>
          <testName>findAllConsultantsTest</testName>
          <skipped>false</skipped>
          <failedSince>0</failedSince>
        </case>
      </cases>
    </suite>
    <suite>
      <file>/var/lib/jenkins/workspace/recruiting/recruiting-core/target/surefire-reports/TEST-it.f2informatica.test.services.gateway.mongodb.UserRepositoryGatewayMongoDBTest.xml</file>
      <name>it.f2informatica.test.services.gateway.mongodb.UserRepositoryGatewayMongoDBTest</name>
      <duration>0.102</duration>
      <time>0.102</time>
      <cases>
        <case>
          <duration>0.007</duration>
          <className>it.f2informatica.test.services.gateway.mongodb.UserRepositoryGatewayMongoDBTest</className>
          <testName>saveUser</testName>
          <skipped>false</skipped>
          <failedSince>0</failedSince>
        </case>
        <case>
          <duration>0.0</duration>
          <className>it.f2informatica.test.services.gateway.mongodb.UserRepositoryGatewayMongoDBTest</className>
          <testName>findByUsernameAndPassword</testName>
          <skipped>false</skipped>
          <failedSince>0</failedSince>
        </case>
        <case>
          <duration>0.067</duration>
          <className>it.f2informatica.test.services.gateway.mongodb.UserRepositoryGatewayMongoDBTest</className>
          <testName>updateUser</testName>
          <skipped>false</skipped>
          <failedSince>0</failedSince>
        </case>
        <case>
          <duration>0.0</duration>
          <className>it.f2informatica.test.services.gateway.mongodb.UserRepositoryGatewayMongoDBTest</className>
          <testName>findUserById</testName>
          <skipped>false</skipped>
          <failedSince>0</failedSince>
        </case>
        <case>
          <duration>0.003</duration>
          <className>it.f2informatica.test.services.gateway.mongodb.UserRepositoryGatewayMongoDBTest</className>
          <testName>findRoleByName</testName>
          <skipped>false</skipped>
          <failedSince>0</failedSince>
        </case>
        <case>
          <duration>0.0</duration>
          <className>it.f2informatica.test.services.gateway.mongodb.UserRepositoryGatewayMongoDBTest</className>
          <testName>findByUsername</testName>
          <skipped>false</skipped>
          <failedSince>0</failedSince>
        </case>
        <case>
          <duration>0.025</duration>
          <className>it.f2informatica.test.services.gateway.mongodb.UserRepositoryGatewayMongoDBTest</className>
          <testName>loadRoles</testName>
          <skipped>false</skipped>
          <failedSince>0</failedSince>
        </case>
      </cases>
    </suite>
    <suite>
      <file>/var/lib/jenkins/workspace/recruiting/recruiting-webapp/target/surefire-reports/TEST-it.f2informatica.webapp.test.context.WebApplicationContextTest.xml</file>
      <name>it.f2informatica.webapp.test.context.WebApplicationContextTest</name>
      <duration>0.428</duration>
      <time>0.428</time>
      <cases>
        <case>
          <duration>0.057</duration>
          <className>it.f2informatica.webapp.test.context.WebApplicationContextTest</className>
          <testName>resourceHandlers</testName>
          <skipped>false</skipped>
          <failedSince>0</failedSince>
        </case>
        <case>
          <duration>0.111</duration>
          <className>it.f2informatica.webapp.test.context.WebApplicationContextTest</className>
          <testName>localeResolver</testName>
          <skipped>false</skipped>
          <failedSince>0</failedSince>
        </case>
        <case>
          <duration>0.037</duration>
          <className>it.f2informatica.webapp.test.context.WebApplicationContextTest</className>
          <testName>messageSource</testName>
          <skipped>false</skipped>
          <failedSince>0</failedSince>
        </case>
        <case>
          <duration>0.005</duration>
          <className>it.f2informatica.webapp.test.context.WebApplicationContextTest</className>
          <testName>configureDefaultServletHandling</testName>
          <skipped>false</skipped>
          <failedSince>0</failedSince>
        </case>
        <case>
          <duration>0.176</duration>
          <className>it.f2informatica.webapp.test.context.WebApplicationContextTest</className>
          <testName>thymeleafViewResolver</testName>
          <skipped>false</skipped>
          <failedSince>0</failedSince>
        </case>
        <case>
          <duration>0.012</duration>
          <className>it.f2informatica.webapp.test.context.WebApplicationContextTest</className>
          <testName>argumentResolvers</testName>
          <skipped>false</skipped>
          <failedSince>0</failedSince>
        </case>
        <case>
          <duration>0.006</duration>
          <className>it.f2informatica.webapp.test.context.WebApplicationContextTest</className>
          <testName>thymeleafTemplateResolver</testName>
          <skipped>false</skipped>
          <failedSince>0</failedSince>
        </case>
        <case>
          <duration>0.0</duration>
          <className>it.f2informatica.webapp.test.context.WebApplicationContextTest</className>
          <testName>beanNameViewResolver</testName>
          <skipped>false</skipped>
          <failedSince>0</failedSince>
        </case>
        <case>
          <duration>0.003</duration>
          <className>it.f2informatica.webapp.test.context.WebApplicationContextTest</className>
          <testName>addInterceptors</testName>
          <skipped>false</skipped>
          <failedSince>0</failedSince>
        </case>
        <case>
          <duration>0.002</duration>
          <className>it.f2informatica.webapp.test.context.WebApplicationContextTest</className>
          <testName>localeChangeInterceptor</testName>
          <skipped>false</skipped>
          <failedSince>0</failedSince>
        </case>
        <case>
          <duration>0.019</duration>
          <className>it.f2informatica.webapp.test.context.WebApplicationContextTest</className>
          <testName>thymeleafTemplateEngine</testName>
          <skipped>false</skipped>
          <failedSince>0</failedSince>
        </case>
      </cases>
    </suite>
    <suite>
      <file>/var/lib/jenkins/workspace/recruiting/recruiting-webapp/target/surefire-reports/TEST-it.f2informatica.webapp.test.controllers.AuthenticationControllerTest.xml</file>
      <name>it.f2informatica.webapp.test.controllers.AuthenticationControllerTest</name>
      <duration>1.205</duration>
      <time>1.205</time>
      <cases>
        <case>
          <duration>1.171</duration>
          <className>it.f2informatica.webapp.test.controllers.AuthenticationControllerTest</className>
          <testName>testLogin</testName>
          <skipped>false</skipped>
          <failedSince>0</failedSince>
        </case>
        <case>
          <duration>0.034</duration>
          <className>it.f2informatica.webapp.test.controllers.AuthenticationControllerTest</className>
          <testName>testLoginFailed</testName>
          <skipped>false</skipped>
          <failedSince>0</failedSince>
        </case>
      </cases>
    </suite>
    <suite>
      <file>/var/lib/jenkins/workspace/recruiting/recruiting-webapp/target/surefire-reports/TEST-it.f2informatica.webapp.test.controllers.ConsultantControllerTest.xml</file>
      <name>it.f2informatica.webapp.test.controllers.ConsultantControllerTest</name>
      <duration>0.065</duration>
      <time>0.065</time>
      <cases>
        <case>
          <duration>0.065</duration>
          <className>it.f2informatica.webapp.test.controllers.ConsultantControllerTest</className>
          <testName>savePersonalDetailsTest</testName>
          <skipped>false</skipped>
          <failedSince>0</failedSince>
        </case>
      </cases>
    </suite>
    <suite>
      <file>/var/lib/jenkins/workspace/recruiting/recruiting-webapp/target/surefire-reports/TEST-it.f2informatica.webapp.test.controllers.UserControllerTest.xml</file>
      <name>it.f2informatica.webapp.test.controllers.UserControllerTest</name>
      <duration>0.206</duration>
      <time>0.206</time>
      <cases>
        <case>
          <duration>0.065</duration>
          <className>it.f2informatica.webapp.test.controllers.UserControllerTest</className>
          <testName>successfulUserRegistration</testName>
          <skipped>false</skipped>
          <failedSince>0</failedSince>
        </case>
        <case>
          <duration>0.109</duration>
          <className>it.f2informatica.webapp.test.controllers.UserControllerTest</className>
          <testName>editUser</testName>
          <skipped>false</skipped>
          <failedSince>0</failedSince>
        </case>
        <case>
          <duration>0.021</duration>
          <className>it.f2informatica.webapp.test.controllers.UserControllerTest</className>
          <testName>deleteUser</testName>
          <skipped>false</skipped>
          <failedSince>0</failedSince>
        </case>
        <case>
          <duration>0.011</duration>
          <className>it.f2informatica.webapp.test.controllers.UserControllerTest</className>
          <testName>updatePassword</testName>
          <skipped>false</skipped>
          <failedSince>0</failedSince>
        </case>
      </cases>
    </suite>
    <suite>
      <file>/var/lib/jenkins/workspace/recruiting/recruiting-webapp/target/surefire-reports/TEST-it.f2informatica.webapp.test.security.AuthorityServiceTest.xml</file>
      <name>it.f2informatica.webapp.test.security.AuthorityServiceTest</name>
      <duration>0.015</duration>
      <time>0.015</time>
      <cases>
        <case>
          <duration>0.0</duration>
          <className>it.f2informatica.webapp.test.security.AuthorityServiceTest</className>
          <testName>userRoleTypes</testName>
          <skipped>false</skipped>
          <failedSince>0</failedSince>
        </case>
        <case>
          <duration>0.0</duration>
          <className>it.f2informatica.webapp.test.security.AuthorityServiceTest</className>
          <testName>adminRoleTypes</testName>
          <skipped>false</skipped>
          <failedSince>0</failedSince>
        </case>
        <case>
          <duration>0.015</duration>
          <className>it.f2informatica.webapp.test.security.AuthorityServiceTest</className>
          <testName>createAuthorities_USER</testName>
          <skipped>false</skipped>
          <failedSince>0</failedSince>
        </case>
        <case>
          <duration>0.0</duration>
          <className>it.f2informatica.webapp.test.security.AuthorityServiceTest</className>
          <testName>createAuthorities_ADMIN</testName>
          <skipped>false</skipped>
          <failedSince>0</failedSince>
        </case>
      </cases>
    </suite>
    <suite>
      <file>/var/lib/jenkins/workspace/recruiting/recruiting-webapp/target/surefire-reports/TEST-it.f2informatica.webapp.test.security.CustomAuthenticationSuccessHandlerTest.xml</file>
      <name>it.f2informatica.webapp.test.security.CustomAuthenticationSuccessHandlerTest</name>
      <duration>0.005</duration>
      <time>0.005</time>
      <cases>
        <case>
          <duration>0.005</duration>
          <className>it.f2informatica.webapp.test.security.CustomAuthenticationSuccessHandlerTest</className>
          <testName>onAuthenticationSuccess</testName>
          <skipped>false</skipped>
          <failedSince>0</failedSince>
        </case>
      </cases>
    </suite>
    <suite>
      <file>/var/lib/jenkins/workspace/recruiting/recruiting-webapp/target/surefire-reports/TEST-it.f2informatica.webapp.test.security.DatabaseUserDetailServiceTest.xml</file>
      <name>it.f2informatica.webapp.test.security.DatabaseUserDetailServiceTest</name>
      <duration>0.033</duration>
      <time>0.033</time>
      <cases>
        <case>
          <duration>0.023</duration>
          <className>it.f2informatica.webapp.test.security.DatabaseUserDetailServiceTest</className>
          <testName>testUserAuthenticatedUsername</testName>
          <skipped>false</skipped>
          <failedSince>0</failedSince>
        </case>
        <case>
          <duration>0.01</duration>
          <className>it.f2informatica.webapp.test.security.DatabaseUserDetailServiceTest</className>
          <testName>loadUserByUsername</testName>
          <skipped>false</skipped>
          <failedSince>0</failedSince>
        </case>
        <case>
          <duration>0.0</duration>
          <className>it.f2informatica.webapp.test.security.DatabaseUserDetailServiceTest</className>
          <testName>testUserAuthenticatedPassword</testName>
          <skipped>false</skipped>
          <failedSince>0</failedSince>
        </case>
      </cases>
    </suite>
    <suite>
      <file>/var/lib/jenkins/workspace/recruiting/recruiting-webapp/target/surefire-reports/TEST-it.f2informatica.webapp.test.security.SecurityAccessorTest.xml</file>
      <name>it.f2informatica.webapp.test.security.SecurityAccessorTest</name>
      <duration>0.39</duration>
      <time>0.39</time>
      <cases>
        <case>
          <duration>0.342</duration>
          <className>it.f2informatica.webapp.test.security.SecurityAccessorTest</className>
          <testName>testSecurityContextHolder</testName>
          <skipped>false</skipped>
          <failedSince>0</failedSince>
        </case>
        <case>
          <duration>0.004</duration>
          <className>it.f2informatica.webapp.test.security.SecurityAccessorTest</className>
          <testName>getCurrentUsername</testName>
          <skipped>false</skipped>
          <failedSince>0</failedSince>
        </case>
        <case>
          <duration>0.005</duration>
          <className>it.f2informatica.webapp.test.security.SecurityAccessorTest</className>
          <testName>isNotCurrentUserAdminBecauseItsAnotherKindOfUser</testName>
          <skipped>false</skipped>
          <failedSince>0</failedSince>
        </case>
        <case>
          <duration>0.007</duration>
          <className>it.f2informatica.webapp.test.security.SecurityAccessorTest</className>
          <testName>isNotCurrentUserAdminBecausePrincipalIsNull</testName>
          <skipped>false</skipped>
          <failedSince>0</failedSince>
        </case>
        <case>
          <duration>0.019</duration>
          <className>it.f2informatica.webapp.test.security.SecurityAccessorTest</className>
          <testName>isCurrentUserAdmin</testName>
          <skipped>false</skipped>
          <failedSince>0</failedSince>
        </case>
        <case>
          <duration>0.013</duration>
          <className>it.f2informatica.webapp.test.security.SecurityAccessorTest</className>
          <testName>isNotCurrentUserAdmin</testName>
          <skipped>false</skipped>
          <failedSince>0</failedSince>
        </case>
      </cases>
    </suite>
  </suites>
  <duration>2.8020005</duration>
  <keepLongStdio>false</keepLongStdio>
</result>